<?xml version="1.0" encoding="UTF-8"?>
<!-- Generated by org.testng.reporters.JUnitXMLReporter -->
<testsuite ignored="0" hostname="SravanKumar" failures="0" tests="3" name="ChromeTest1" time="9.819" errors="0" timestamp="2023-11-02T21:53:51 IST">
  <testcase classname="Login_HomePage.Signup_Test" name="@BeforeClass startTest" time="0.068">
    <failure type="java.lang.NullPointerException" message="Cannot invoke &amp;quot;org.monte.media.MovieWriter.addTrack(org.monte.media.Format)&amp;quot; because &amp;quot;this.w&amp;quot; is null">
      <![CDATA[java.lang.NullPointerException: Cannot invoke "org.monte.media.MovieWriter.addTrack(org.monte.media.Format)" because "this.w" is null
at org.monte.screenrecorder.ScreenRecorder.createMovieWriter(ScreenRecorder.java:382)
at org.monte.screenrecorder.ScreenRecorder.start(ScreenRecorder.java:489)
at Login_HomePage.MyScreenRecorder.startRecording(MyScreenRecorder.java:74)
at Login_HomePage.Signup_Test.startTest(Signup_Test.java:54)
at java.base/java.util.concurrent.ThreadPoolExecutor.runWorker(ThreadPoolExecutor.java:1136)
at java.base/java.util.concurrent.ThreadPoolExecutor$Worker.run(ThreadPoolExecutor.java:635)
at java.base/java.lang.Thread.run(Thread.java:833)
... Removed 10 stack frames]]>
    </failure>
  </testcase> <!-- @BeforeClass startTest -->
  <testcase classname="Login_HomePage.Signup_Test" name="@AfterClass endTest" time="0.0">
    <skipped/>
  </testcase> <!-- @AfterClass endTest -->
  <testcase classname="Login_HomePage.Signup_Test" name="TC_001_Verify_Signup_Button_in_Login_page" time="0.0">
    <skipped/>
  </testcase> <!-- TC_001_Verify_Signup_Button_in_Login_page -->
  <testcase classname="Login_HomePage.Signup_Test" name="TC_002_options_displayed_in_Signup_Button" time="0.0">
    <skipped/>
  </testcase> <!-- TC_002_options_displayed_in_Signup_Button -->
  <testcase classname="Login_HomePage.Signup_Test" name="TC_003_Invalid_uniqueid" time="0.0">
    <skipped/>
  </testcase> <!-- TC_003_Invalid_uniqueid -->
</testsuite> <!-- ChromeTest1 -->
